<?xml version="1.0" encoding="UTF-8"?>
<testng-results ignored="0" total="3" passed="3" failed="0" skipped="0">
  <reporter-output>
  </reporter-output>
  <suite started-at="2023-04-23T23:33:45 IST" name="All Test Suite" finished-at="2023-04-23T23:34:05 IST" duration-ms="19351">
    <groups>
    </groups>
    <test started-at="2023-04-23T23:33:45 IST" name="C:/Users/naman/IdeaProjects/ParaBank" finished-at="2023-04-23T23:34:05 IST" duration-ms="19351">
      <class name="TestCases.Test">
        <test-method is-config="true" signature="setup()[pri:0, instance:TestCases.Test@18a70f16]" started-at="2023-04-23T23:33:45 IST" name="setup" finished-at="2023-04-23T23:33:50 IST" duration-ms="5002" status="PASS">
          <reporter-output>
          </reporter-output>
        </test-method> <!-- setup -->
        <test-method signature="login()[pri:0, instance:TestCases.Test@18a70f16]" started-at="2023-04-23T23:33:50 IST" name="login" finished-at="2023-04-23T23:33:56 IST" duration-ms="5590" status="PASS">
          <reporter-output>
          </reporter-output>
        </test-method> <!-- login -->
        <test-method signature="register()[pri:1, instance:TestCases.Test@18a70f16]" started-at="2023-04-23T23:33:56 IST" name="register" finished-at="2023-04-23T23:33:58 IST" duration-ms="1911" status="PASS">
          <reporter-output>
          </reporter-output>
        </test-method> <!-- register -->
        <test-method signature="forgot_login_info()[pri:2, instance:TestCases.Test@18a70f16]" started-at="2023-04-23T23:33:58 IST" name="forgot_login_info" finished-at="2023-04-23T23:34:04 IST" duration-ms="6214" status="PASS">
          <reporter-output>
          </reporter-output>
        </test-method> <!-- forgot_login_info -->
        <test-method is-config="true" signature="destroy()[pri:0, instance:TestCases.Test@18a70f16]" started-at="2023-04-23T23:34:04 IST" name="destroy" finished-at="2023-04-23T23:34:05 IST" duration-ms="609" status="PASS">
          <reporter-output>
          </reporter-output>
        </test-method> <!-- destroy -->
      </class> <!-- TestCases.Test -->
    </test> <!-- C:/Users/naman/IdeaProjects/ParaBank -->
  </suite> <!-- All Test Suite -->
</testng-results>
